\BOOKMARK [1][-]{section.1}{Executive summary}{}% 1
\BOOKMARK [1][-]{section.2}{Tables}{}% 2
\BOOKMARK [1][-]{section.3}{Introduction}{}% 3
\BOOKMARK [1][-]{section.4}{GRUB}{}% 4
\BOOKMARK [2][-]{subsection.4.1}{Pr\351sentation de GRUB}{section.4}% 5
\BOOKMARK [2][-]{subsection.4.2}{Les avantages de GRUB}{section.4}% 6
\BOOKMARK [2][-]{subsection.4.3}{Proc\351dure de d\351marrage avec GRUB}{section.4}% 7
\BOOKMARK [2][-]{subsection.4.4}{Architecture de GRUB}{section.4}% 8
\BOOKMARK [2][-]{subsection.4.5}{Architecture de GRUB2 en arbre}{section.4}% 9
\BOOKMARK [3][-]{subsubsection.4.5.1}{Fichier grub.cfg, grubenv et du r\351pertoire themes}{subsection.4.5}% 10
\BOOKMARK [3][-]{subsubsection.4.5.2}{Fichier de configuration de GRUB2 dans grub.d}{subsection.4.5}% 11
\BOOKMARK [3][-]{subsubsection.4.5.3}{Fichier de configuration de GRUB2 dans grub.d \340 l'\351cole}{subsection.4.5}% 12
\BOOKMARK [3][-]{subsubsection.4.5.4}{Fichier grub pour les param\350tres utiliser par le fichier 00\137header}{subsection.4.5}% 13
\BOOKMARK [1][-]{section.5}{Projet}{}% 14
\BOOKMARK [2][-]{subsection.5.1}{Tutoriel pas \340 pas}{section.5}% 15
\BOOKMARK [3][-]{subsubsection.5.1.1}{et personnalisation de GRUB2}{subsection.5.1}% 16
\BOOKMARK [3][-]{subsubsection.5.1.2}{Changer le syst\350me s\351lectionner par default}{subsection.5.1}% 17
\BOOKMARK [3][-]{subsubsection.5.1.3}{Changer la valeur du compte \340 rebours}{subsection.5.1}% 18
\BOOKMARK [3][-]{subsubsection.5.1.4}{Changer le font d'\351cran du syst\350me d'exploitation}{subsection.5.1}% 19
\BOOKMARK [3][-]{subsubsection.5.1.5}{Changer le titre des entr\351es des diff\351rents syst\350mes pr\351sent}{subsection.5.1}% 20
\BOOKMARK [3][-]{subsubsection.5.1.6}{Changer l'ordre des entr\351es de l'interface menu}{subsection.5.1}% 21
\BOOKMARK [3][-]{subsubsection.5.1.7}{Commande final pour enregistrer ces modifications}{subsection.5.1}% 22
\BOOKMARK [1][-]{section.6}{Le script shell}{}% 23
\BOOKMARK [2][-]{subsubsection.6.0.1}{Script pour modifier les param\350tres de GRUB2}{section.6}% 24
\BOOKMARK [3][-]{subsubsection.6.0.2}{Script pour modifier le fond d'\351cran}{subsubsection.6.0.1}% 25
\BOOKMARK [1][-]{section.7}{Conclusion}{}% 26
\BOOKMARK [1][-]{section.8}{R\351f\351rence}{}% 27
\BOOKMARK [1][-]{section.9}{Annexes}{}% 28
