This is pdfTeX, Version 3.14159265-2.6-1.40.19 (MiKTeX 2.9.6840 64-bit) (preloaded format=pdflatex 2018.11.1)  6 DEC 2018 05:51
entering extended mode
**"./SYSG5 projet 2 Raspberry Pi et NAS.tex"
("SYSG5 projet 2 Raspberry Pi et NAS.tex"
LaTeX2e <2018-04-01> patch level 5
(C:\Users\Mitch\Documents\Latex\tex\latex\base\article.cls
Document Class: article 2014/09/29 v1.4h Standard LaTeX document class
(C:\Users\Mitch\Documents\Latex\tex\latex\base\size12.clo
File: size12.clo 2014/09/29 v1.4h Standard LaTeX file (size option)
)
\c@part=\count80
\c@section=\count81
\c@subsection=\count82
\c@subsubsection=\count83
\c@paragraph=\count84
\c@subparagraph=\count85
\c@figure=\count86
\c@table=\count87
\abovecaptionskip=\skip41
\belowcaptionskip=\skip42
\bibindent=\dimen102
)
(C:\Users\Mitch\Documents\Latex\tex\latex\base\inputenc.sty
Package: inputenc 2018/04/06 v1.3b Input encoding file
\inpenc@prehook=\toks14
\inpenc@posthook=\toks15

(C:\Users\Mitch\Documents\Latex\tex\latex\base\latin1.def
File: latin1.def 2018/04/06 v1.3b Input encoding file
))
(C:\Users\Mitch\Documents\Latex\tex\generic\babel\babel.sty
Package: babel 2018/10/16 3.26 The Babel package

(C:\Users\Mitch\Documents\Latex\tex\generic\babel\switch.def
File: switch.def 2018/10/16 3.26 Babel switching mechanism
)
*************************************
* Local config file bblopts.cfg used
*
(C:\Users\Mitch\Documents\Latex\tex\latex\arabi\bblopts.cfg
File: bblopts.cfg 2005/09/08 v0.1 add Arabic and Farsi to "declared" options of
 babel
)
(C:\Users\Mitch\Documents\Latex\tex\generic\babel-french\french.ldf
Language: french 2018/09/14 v3.5c French support from the babel system

(C:\Users\Mitch\Documents\Latex\tex\generic\babel\babel.def
File: babel.def 2018/10/16 3.26 Babel common definitions
\babel@savecnt=\count88
\U@D=\dimen103

(C:\Users\Mitch\Documents\Latex\tex\generic\babel\txtbabel.def)
\bbl@dirlevel=\count89
)
\l@acadian = a dialect from \language\l@french 
\FB@nonchar=\count90
Package babel Info: Making : an active character on input line 414.
Package babel Info: Making ; an active character on input line 415.
Package babel Info: Making ! an active character on input line 416.
Package babel Info: Making ? an active character on input line 417.
\FBguill@level=\count91
\FBold@everypar=\toks16
\FB@Mht=\dimen104
\mc@charclass=\count92
\mc@charfam=\count93
\mc@charslot=\count94
\std@mcc=\count95
\dec@mcc=\count96
\c@FBcaption@count=\count97
\listindentFB=\dimen105
\descindentFB=\dimen106
\labelindentFB=\dimen107
\labelwidthFB=\dimen108
\leftmarginFB=\dimen109
\parindentFFN=\dimen110
\FBfnindent=\dimen111
))
(C:\Users\Mitch\Documents\Latex\tex\latex\carlisle\scalefnt.sty)
(C:\Users\Mitch\Documents\Latex\tex\latex\graphics\keyval.sty
Package: keyval 2014/10/28 v1.15 key=value parser (DPC)
\KV@toks@=\toks17
)
(C:\Users\Mitch\Documents\Latex\tex\latex\base\fontenc.sty
Package: fontenc 2017/04/05 v2.0i Standard LaTeX package

(C:\Users\Mitch\Documents\Latex\tex\latex\base\t1enc.def
File: t1enc.def 2017/04/05 v2.0i Standard LaTeX file
LaTeX Font Info:    Redeclaring font encoding T1 on input line 48.
))
(C:\Users\Mitch\Documents\Latex\tex\latex\graphics\graphicx.sty
Package: graphicx 2017/06/01 v1.1a Enhanced LaTeX Graphics (DPC,SPQR)

(C:\Users\Mitch\Documents\Latex\tex\latex\graphics\graphics.sty
Package: graphics 2017/06/25 v1.2c Standard LaTeX Graphics (DPC,SPQR)

(C:\Users\Mitch\Documents\Latex\tex\latex\graphics\trig.sty
Package: trig 2016/01/03 v1.10 sin cos tan (DPC)
)
(C:\Users\Mitch\Documents\Latex\tex\latex\graphics-cfg\graphics.cfg
File: graphics.cfg 2016/06/04 v1.11 sample graphics configuration
)
Package graphics Info: Driver file: pdftex.def on input line 99.

(C:\Users\Mitch\Documents\Latex\tex\latex\graphics-def\pdftex.def
File: pdftex.def 2018/01/08 v1.0l Graphics/color driver for pdftex
))
\Gin@req@height=\dimen112
\Gin@req@width=\dimen113
)
(C:\Users\Mitch\Documents\Latex\tex\latex\setspace\setspace.sty
Package: setspace 2011/12/19 v6.7a set line spacing
)
(C:\Users\Mitch\Documents\Latex\tex\latex\listings\listings.sty
\lst@mode=\count98
\lst@gtempboxa=\box26
\lst@token=\toks18
\lst@length=\count99
\lst@currlwidth=\dimen114
\lst@column=\count100
\lst@pos=\count101
\lst@lostspace=\dimen115
\lst@width=\dimen116
\lst@newlines=\count102
\lst@lineno=\count103
\lst@maxwidth=\dimen117

(C:\Users\Mitch\Documents\Latex\tex\latex\listings\lstmisc.sty
File: lstmisc.sty 2018/09/02 1.7 (Carsten Heinz)
\c@lstnumber=\count104
\lst@skipnumbers=\count105
\lst@framebox=\box27
)
(C:\Users\Mitch\Documents\Latex\tex\latex\listings\listings.cfg
File: listings.cfg 2018/09/02 1.7 listings configuration
))
Package: listings 2018/09/02 1.7 (Carsten Heinz)

(C:\Users\Mitch\Documents\Latex\tex\latex\pgf\frontendlayer\tikz.sty
(C:\Users\Mitch\Documents\Latex\tex\latex\pgf\basiclayer\pgf.sty
(C:\Users\Mitch\Documents\Latex\tex\latex\pgf\utilities\pgfrcs.sty
(C:\Users\Mitch\Documents\Latex\tex\generic\pgf\utilities\pgfutil-common.tex
\pgfutil@everybye=\toks19
\pgfutil@tempdima=\dimen118
\pgfutil@tempdimb=\dimen119

(C:\Users\Mitch\Documents\Latex\tex\generic\pgf\utilities\pgfutil-common-lists.
tex))
(C:\Users\Mitch\Documents\Latex\tex\generic\pgf\utilities\pgfutil-latex.def
\pgfutil@abb=\box28

(C:\Users\Mitch\Documents\Latex\tex\latex\ms\everyshi.sty
Package: everyshi 2001/05/15 v3.00 EveryShipout Package (MS)
))
(C:\Users\Mitch\Documents\Latex\tex\generic\pgf\utilities\pgfrcs.code.tex
Package: pgfrcs 2015/08/07 v3.0.1a (rcs-revision 1.31)
))
Package: pgf 2015/08/07 v3.0.1a (rcs-revision 1.15)

(C:\Users\Mitch\Documents\Latex\tex\latex\pgf\basiclayer\pgfcore.sty
(C:\Users\Mitch\Documents\Latex\tex\latex\pgf\systemlayer\pgfsys.sty
(C:\Users\Mitch\Documents\Latex\tex\generic\pgf\systemlayer\pgfsys.code.tex
Package: pgfsys 2014/07/09 v3.0.1a (rcs-revision 1.48)

(C:\Users\Mitch\Documents\Latex\tex\generic\pgf\utilities\pgfkeys.code.tex
\pgfkeys@pathtoks=\toks20
\pgfkeys@temptoks=\toks21

(C:\Users\Mitch\Documents\Latex\tex\generic\pgf\utilities\pgfkeysfiltered.code.
tex
\pgfkeys@tmptoks=\toks22
))
\pgf@x=\dimen120
\pgf@y=\dimen121
\pgf@xa=\dimen122
\pgf@ya=\dimen123
\pgf@xb=\dimen124
\pgf@yb=\dimen125
\pgf@xc=\dimen126
\pgf@yc=\dimen127
\w@pgf@writea=\write3
\r@pgf@reada=\read1
\c@pgf@counta=\count106
\c@pgf@countb=\count107
\c@pgf@countc=\count108
\c@pgf@countd=\count109
\t@pgf@toka=\toks23
\t@pgf@tokb=\toks24
\t@pgf@tokc=\toks25
 (C:\Users\Mitch\Documents\Latex\tex\generic\pgf\systemlayer\pgf.cfg
File: pgf.cfg 2008/05/14  (rcs-revision 1.7)
)
Driver file for pgf: pgfsys-pdftex.def

(C:\Users\Mitch\Documents\Latex\tex\generic\pgf\systemlayer\pgfsys-pdftex.def
File: pgfsys-pdftex.def 2014/10/11  (rcs-revision 1.35)

(C:\Users\Mitch\Documents\Latex\tex\generic\pgf\systemlayer\pgfsys-common-pdf.d
ef
File: pgfsys-common-pdf.def 2013/10/10  (rcs-revision 1.13)
)))
(C:\Users\Mitch\Documents\Latex\tex\generic\pgf\systemlayer\pgfsyssoftpath.code
.tex
File: pgfsyssoftpath.code.tex 2013/09/09  (rcs-revision 1.9)
\pgfsyssoftpath@smallbuffer@items=\count110
\pgfsyssoftpath@bigbuffer@items=\count111
)
(C:\Users\Mitch\Documents\Latex\tex\generic\pgf\systemlayer\pgfsysprotocol.code
.tex
File: pgfsysprotocol.code.tex 2006/10/16  (rcs-revision 1.4)
)) (C:\Users\Mitch\Documents\Latex\tex\latex\xcolor\xcolor.sty
Package: xcolor 2016/05/11 v2.12 LaTeX color extensions (UK)

(C:\Users\Mitch\Documents\Latex\tex\latex\graphics-cfg\color.cfg
File: color.cfg 2016/01/02 v1.6 sample color configuration
)
Package xcolor Info: Driver file: pdftex.def on input line 225.
Package xcolor Info: Model `cmy' substituted by `cmy0' on input line 1348.
Package xcolor Info: Model `hsb' substituted by `rgb' on input line 1352.
Package xcolor Info: Model `RGB' extended on input line 1364.
Package xcolor Info: Model `HTML' substituted by `rgb' on input line 1366.
Package xcolor Info: Model `Hsb' substituted by `hsb' on input line 1367.
Package xcolor Info: Model `tHsb' substituted by `hsb' on input line 1368.
Package xcolor Info: Model `HSB' substituted by `hsb' on input line 1369.
Package xcolor Info: Model `Gray' substituted by `gray' on input line 1370.
Package xcolor Info: Model `wave' substituted by `hsb' on input line 1371.
)
(C:\Users\Mitch\Documents\Latex\tex\generic\pgf\basiclayer\pgfcore.code.tex
Package: pgfcore 2010/04/11 v3.0.1a (rcs-revision 1.7)

(C:\Users\Mitch\Documents\Latex\tex\generic\pgf\math\pgfmath.code.tex
(C:\Users\Mitch\Documents\Latex\tex\generic\pgf\math\pgfmathcalc.code.tex
(C:\Users\Mitch\Documents\Latex\tex\generic\pgf\math\pgfmathutil.code.tex)
(C:\Users\Mitch\Documents\Latex\tex\generic\pgf\math\pgfmathparser.code.tex
\pgfmath@dimen=\dimen128
\pgfmath@count=\count112
\pgfmath@box=\box29
\pgfmath@toks=\toks26
\pgfmath@stack@operand=\toks27
\pgfmath@stack@operation=\toks28
)
(C:\Users\Mitch\Documents\Latex\tex\generic\pgf\math\pgfmathfunctions.code.tex
(C:\Users\Mitch\Documents\Latex\tex\generic\pgf\math\pgfmathfunctions.basic.cod
e.tex)
(C:\Users\Mitch\Documents\Latex\tex\generic\pgf\math\pgfmathfunctions.trigonome
tric.code.tex)
(C:\Users\Mitch\Documents\Latex\tex\generic\pgf\math\pgfmathfunctions.random.co
de.tex)
(C:\Users\Mitch\Documents\Latex\tex\generic\pgf\math\pgfmathfunctions.compariso
n.code.tex)
(C:\Users\Mitch\Documents\Latex\tex\generic\pgf\math\pgfmathfunctions.base.code
.tex)
(C:\Users\Mitch\Documents\Latex\tex\generic\pgf\math\pgfmathfunctions.round.cod
e.tex)
(C:\Users\Mitch\Documents\Latex\tex\generic\pgf\math\pgfmathfunctions.misc.code
.tex)
(C:\Users\Mitch\Documents\Latex\tex\generic\pgf\math\pgfmathfunctions.integerar
ithmetics.code.tex)))
(C:\Users\Mitch\Documents\Latex\tex\generic\pgf\math\pgfmathfloat.code.tex
\c@pgfmathroundto@lastzeros=\count113
))
(C:\Users\Mitch\Documents\Latex\tex\generic\pgf\basiclayer\pgfcorepoints.code.t
ex
File: pgfcorepoints.code.tex 2013/10/07  (rcs-revision 1.27)
\pgf@picminx=\dimen129
\pgf@picmaxx=\dimen130
\pgf@picminy=\dimen131
\pgf@picmaxy=\dimen132
\pgf@pathminx=\dimen133
\pgf@pathmaxx=\dimen134
\pgf@pathminy=\dimen135
\pgf@pathmaxy=\dimen136
\pgf@xx=\dimen137
\pgf@xy=\dimen138
\pgf@yx=\dimen139
\pgf@yy=\dimen140
\pgf@zx=\dimen141
\pgf@zy=\dimen142
)
(C:\Users\Mitch\Documents\Latex\tex\generic\pgf\basiclayer\pgfcorepathconstruct
.code.tex
File: pgfcorepathconstruct.code.tex 2013/10/07  (rcs-revision 1.29)
\pgf@path@lastx=\dimen143
\pgf@path@lasty=\dimen144
)
(C:\Users\Mitch\Documents\Latex\tex\generic\pgf\basiclayer\pgfcorepathusage.cod
e.tex
File: pgfcorepathusage.code.tex 2014/11/02  (rcs-revision 1.24)
\pgf@shorten@end@additional=\dimen145
\pgf@shorten@start@additional=\dimen146
)
(C:\Users\Mitch\Documents\Latex\tex\generic\pgf\basiclayer\pgfcorescopes.code.t
ex
File: pgfcorescopes.code.tex 2015/05/08  (rcs-revision 1.46)
\pgfpic=\box30
\pgf@hbox=\box31
\pgf@layerbox@main=\box32
\pgf@picture@serial@count=\count114
)
(C:\Users\Mitch\Documents\Latex\tex\generic\pgf\basiclayer\pgfcoregraphicstate.
code.tex
File: pgfcoregraphicstate.code.tex 2014/11/02  (rcs-revision 1.12)
\pgflinewidth=\dimen147
)
(C:\Users\Mitch\Documents\Latex\tex\generic\pgf\basiclayer\pgfcoretransformatio
ns.code.tex
File: pgfcoretransformations.code.tex 2015/08/07  (rcs-revision 1.20)
\pgf@pt@x=\dimen148
\pgf@pt@y=\dimen149
\pgf@pt@temp=\dimen150
)
(C:\Users\Mitch\Documents\Latex\tex\generic\pgf\basiclayer\pgfcorequick.code.te
x
File: pgfcorequick.code.tex 2008/10/09  (rcs-revision 1.3)
)
(C:\Users\Mitch\Documents\Latex\tex\generic\pgf\basiclayer\pgfcoreobjects.code.
tex
File: pgfcoreobjects.code.tex 2006/10/11  (rcs-revision 1.2)
)
(C:\Users\Mitch\Documents\Latex\tex\generic\pgf\basiclayer\pgfcorepathprocessin
g.code.tex
File: pgfcorepathprocessing.code.tex 2013/09/09  (rcs-revision 1.9)
)
(C:\Users\Mitch\Documents\Latex\tex\generic\pgf\basiclayer\pgfcorearrows.code.t
ex
File: pgfcorearrows.code.tex 2015/05/14  (rcs-revision 1.43)
\pgfarrowsep=\dimen151
)
(C:\Users\Mitch\Documents\Latex\tex\generic\pgf\basiclayer\pgfcoreshade.code.te
x
File: pgfcoreshade.code.tex 2013/07/15  (rcs-revision 1.15)
\pgf@max=\dimen152
\pgf@sys@shading@range@num=\count115
)
(C:\Users\Mitch\Documents\Latex\tex\generic\pgf\basiclayer\pgfcoreimage.code.te
x
File: pgfcoreimage.code.tex 2013/07/15  (rcs-revision 1.18)

(C:\Users\Mitch\Documents\Latex\tex\generic\pgf\basiclayer\pgfcoreexternal.code
.tex
File: pgfcoreexternal.code.tex 2014/07/09  (rcs-revision 1.21)
\pgfexternal@startupbox=\box33
))
(C:\Users\Mitch\Documents\Latex\tex\generic\pgf\basiclayer\pgfcorelayers.code.t
ex
File: pgfcorelayers.code.tex 2013/07/18  (rcs-revision 1.7)
)
(C:\Users\Mitch\Documents\Latex\tex\generic\pgf\basiclayer\pgfcoretransparency.
code.tex
File: pgfcoretransparency.code.tex 2013/09/30  (rcs-revision 1.5)
)
(C:\Users\Mitch\Documents\Latex\tex\generic\pgf\basiclayer\pgfcorepatterns.code
.tex
File: pgfcorepatterns.code.tex 2013/11/07  (rcs-revision 1.5)
)))
(C:\Users\Mitch\Documents\Latex\tex\generic\pgf\modules\pgfmoduleshapes.code.te
x
File: pgfmoduleshapes.code.tex 2014/03/21  (rcs-revision 1.35)
\pgfnodeparttextbox=\box34
)
(C:\Users\Mitch\Documents\Latex\tex\generic\pgf\modules\pgfmoduleplot.code.tex
File: pgfmoduleplot.code.tex 2015/08/03  (rcs-revision 1.13)
)
(C:\Users\Mitch\Documents\Latex\tex\latex\pgf\compatibility\pgfcomp-version-0-6
5.sty
Package: pgfcomp-version-0-65 2007/07/03 v3.0.1a (rcs-revision 1.7)
\pgf@nodesepstart=\dimen153
\pgf@nodesepend=\dimen154
)
(C:\Users\Mitch\Documents\Latex\tex\latex\pgf\compatibility\pgfcomp-version-1-1
8.sty
Package: pgfcomp-version-1-18 2007/07/23 v3.0.1a (rcs-revision 1.1)
)) (C:\Users\Mitch\Documents\Latex\tex\latex\pgf\utilities\pgffor.sty
(C:\Users\Mitch\Documents\Latex\tex\latex\pgf\utilities\pgfkeys.sty
(C:\Users\Mitch\Documents\Latex\tex\generic\pgf\utilities\pgfkeys.code.tex))
(C:\Users\Mitch\Documents\Latex\tex\latex\pgf\math\pgfmath.sty
(C:\Users\Mitch\Documents\Latex\tex\generic\pgf\math\pgfmath.code.tex))
(C:\Users\Mitch\Documents\Latex\tex\generic\pgf\utilities\pgffor.code.tex
Package: pgffor 2013/12/13 v3.0.1a (rcs-revision 1.25)

(C:\Users\Mitch\Documents\Latex\tex\generic\pgf\math\pgfmath.code.tex)
\pgffor@iter=\dimen155
\pgffor@skip=\dimen156
\pgffor@stack=\toks29
\pgffor@toks=\toks30
))
(C:\Users\Mitch\Documents\Latex\tex\generic\pgf\frontendlayer\tikz\tikz.code.te
x
Package: tikz 2015/08/07 v3.0.1a (rcs-revision 1.151)

(C:\Users\Mitch\Documents\Latex\tex\generic\pgf\libraries\pgflibraryplothandler
s.code.tex
File: pgflibraryplothandlers.code.tex 2013/08/31 v3.0.1a (rcs-revision 1.20)
\pgf@plot@mark@count=\count116
\pgfplotmarksize=\dimen157
)
\tikz@lastx=\dimen158
\tikz@lasty=\dimen159
\tikz@lastxsaved=\dimen160
\tikz@lastysaved=\dimen161
\tikzleveldistance=\dimen162
\tikzsiblingdistance=\dimen163
\tikz@figbox=\box35
\tikz@figbox@bg=\box36
\tikz@tempbox=\box37
\tikz@tempbox@bg=\box38
\tikztreelevel=\count117
\tikznumberofchildren=\count118
\tikznumberofcurrentchild=\count119
\tikz@fig@count=\count120

(C:\Users\Mitch\Documents\Latex\tex\generic\pgf\modules\pgfmodulematrix.code.te
x
File: pgfmodulematrix.code.tex 2013/09/17  (rcs-revision 1.8)
\pgfmatrixcurrentrow=\count121
\pgfmatrixcurrentcolumn=\count122
\pgf@matrix@numberofcolumns=\count123
)
\tikz@expandcount=\count124

(C:\Users\Mitch\Documents\Latex\tex\generic\pgf\frontendlayer\tikz\libraries\ti
kzlibrarytopaths.code.tex
File: tikzlibrarytopaths.code.tex 2008/06/17 v3.0.1a (rcs-revision 1.2)
)))
(C:\Users\Mitch\Documents\Latex\tex\generic\pgf\frontendlayer\tikz\libraries\ti
kzlibrarytrees.code.tex
File: tikzlibrarytrees.code.tex 2008/02/24 v3.0.1a (rcs-revision 1.2)
)
(C:\Users\Mitch\Documents\Latex\tex\latex\hyperref\hyperref.sty
Package: hyperref 2018/09/30 v6.88a Hypertext links for LaTeX

(C:\Users\Mitch\Documents\Latex\tex\generic\oberdiek\hobsub-hyperref.sty
Package: hobsub-hyperref 2016/05/16 v1.14 Bundle oberdiek, subset hyperref (HO)


(C:\Users\Mitch\Documents\Latex\tex\generic\oberdiek\hobsub-generic.sty
Package: hobsub-generic 2016/05/16 v1.14 Bundle oberdiek, subset generic (HO)
Package: hobsub 2016/05/16 v1.14 Construct package bundles (HO)
Package: infwarerr 2016/05/16 v1.4 Providing info/warning/error messages (HO)
Package: ltxcmds 2016/05/16 v1.23 LaTeX kernel commands for general use (HO)
Package: ifluatex 2016/05/16 v1.4 Provides the ifluatex switch (HO)
Package ifluatex Info: LuaTeX not detected.
Package: ifvtex 2016/05/16 v1.6 Detect VTeX and its facilities (HO)
Package ifvtex Info: VTeX not detected.
Package: intcalc 2016/05/16 v1.2 Expandable calculations with integers (HO)
Package: ifpdf 2018/09/07 v3.3 Provides the ifpdf switch
Package: etexcmds 2016/05/16 v1.6 Avoid name clashes with e-TeX commands (HO)
Package etexcmds Info: Could not find \expanded.
(etexcmds)             That can mean that you are not using pdfTeX 1.50 or
(etexcmds)             that some package has redefined \expanded.
(etexcmds)             In the latter case, load this package earlier.
Package: kvsetkeys 2016/05/16 v1.17 Key value parser (HO)
Package: kvdefinekeys 2016/05/16 v1.4 Define keys (HO)
Package: pdftexcmds 2018/09/10 v0.29 Utility functions of pdfTeX for LuaTeX (HO
)
Package pdftexcmds Info: LuaTeX not detected.
Package pdftexcmds Info: \pdf@primitive is available.
Package pdftexcmds Info: \pdf@ifprimitive is available.
Package pdftexcmds Info: \pdfdraftmode found.
Package: pdfescape 2016/05/16 v1.14 Implements pdfTeX's escape features (HO)
Package: bigintcalc 2016/05/16 v1.4 Expandable calculations on big integers (HO
)
Package: bitset 2016/05/16 v1.2 Handle bit-vector datatype (HO)
Package: uniquecounter 2016/05/16 v1.3 Provide unlimited unique counter (HO)
)
Package hobsub Info: Skipping package `hobsub' (already loaded).
Package: letltxmacro 2016/05/16 v1.5 Let assignment for LaTeX macros (HO)
Package: hopatch 2016/05/16 v1.3 Wrapper for package hooks (HO)
Package: xcolor-patch 2016/05/16 xcolor patch
Package: atveryend 2016/05/16 v1.9 Hooks at the very end of document (HO)
Package atveryend Info: \enddocument detected (standard20110627).
Package: atbegshi 2016/06/09 v1.18 At begin shipout hook (HO)
Package: refcount 2016/05/16 v3.5 Data extraction from label references (HO)
Package: hycolor 2016/05/16 v1.8 Color options for hyperref/bookmark (HO)
)
(C:\Users\Mitch\Documents\Latex\tex\generic\ifxetex\ifxetex.sty
Package: ifxetex 2010/09/12 v0.6 Provides ifxetex conditional
)
(C:\Users\Mitch\Documents\Latex\tex\latex\oberdiek\auxhook.sty
Package: auxhook 2016/05/16 v1.4 Hooks for auxiliary files (HO)
)
(C:\Users\Mitch\Documents\Latex\tex\latex\oberdiek\kvoptions.sty
Package: kvoptions 2016/05/16 v3.12 Key value format for package options (HO)
)
\@linkdim=\dimen164
\Hy@linkcounter=\count125
\Hy@pagecounter=\count126

(C:\Users\Mitch\Documents\Latex\tex\latex\hyperref\pd1enc.def
File: pd1enc.def 2018/09/30 v6.88a Hyperref: PDFDocEncoding definition (HO)
Now handling font encoding PD1 ...
... no UTF-8 mapping file for font encoding PD1
)
\Hy@SavedSpaceFactor=\count127

(C:\Users\Mitch\Documents\Latex\tex\latex\00miktex\hyperref.cfg
File: hyperref.cfg 2002/06/06 v1.2 hyperref configuration of TeXLive
)
Package hyperref Info: Hyper figures OFF on input line 4535.
Package hyperref Info: Link nesting OFF on input line 4540.
Package hyperref Info: Hyper index ON on input line 4543.
Package hyperref Info: Plain pages OFF on input line 4550.
Package hyperref Info: Backreferencing OFF on input line 4555.
Package hyperref Info: Implicit mode ON; LaTeX internals redefined.
Package hyperref Info: Bookmarks ON on input line 4788.
\c@Hy@tempcnt=\count128

(C:\Users\Mitch\Documents\Latex\tex\latex\url\url.sty
\Urlmuskip=\muskip10
Package: url 2013/09/16  ver 3.4  Verb mode for urls, etc.
)
LaTeX Info: Redefining \url on input line 5141.
\XeTeXLinkMargin=\dimen165
\Fld@menulength=\count129
\Field@Width=\dimen166
\Fld@charsize=\dimen167
Package hyperref Info: Hyper figures OFF on input line 6396.
Package hyperref Info: Link nesting OFF on input line 6401.
Package hyperref Info: Hyper index ON on input line 6404.
Package hyperref Info: backreferencing OFF on input line 6411.
Package hyperref Info: Link coloring OFF on input line 6416.
Package hyperref Info: Link coloring with OCG OFF on input line 6421.
Package hyperref Info: PDF/A mode OFF on input line 6426.
LaTeX Info: Redefining \ref on input line 6466.
LaTeX Info: Redefining \pageref on input line 6470.
\Hy@abspage=\count130
\c@Item=\count131
\c@Hfootnote=\count132
)
Package hyperref Info: Driver (autodetected): hpdftex.

(C:\Users\Mitch\Documents\Latex\tex\latex\hyperref\hpdftex.def
File: hpdftex.def 2018/09/30 v6.88a Hyperref driver for pdfTeX
\Fld@listcount=\count133
\c@bookmark@seq@number=\count134

(C:\Users\Mitch\Documents\Latex\tex\latex\oberdiek\rerunfilecheck.sty
Package: rerunfilecheck 2016/05/16 v1.8 Rerun checks for auxiliary files (HO)
Package uniquecounter Info: New unique counter `rerunfilecheck' on input line 2
82.
)
\Hy@SectionHShift=\skip43
)
(C:\Users\Mitch\Documents\Latex\tex\latex\graphics\epsfig.sty
Package: epsfig 2017/06/25 v1.7b (e)psfig emulation (SPQR)
\epsfxsize=\dimen168
\epsfysize=\dimen169
)
(C:\Users\Mitch\Documents\Latex\tex\latex\amsfonts\amsfonts.sty
Package: amsfonts 2013/01/14 v3.01 Basic AMSFonts support
\@emptytoks=\toks31
\symAMSa=\mathgroup4
\symAMSb=\mathgroup5
LaTeX Font Info:    Overwriting math alphabet `\mathfrak' in version `bold'
(Font)                  U/euf/m/n --> U/euf/b/n on input line 106.
)
(C:\Users\Mitch\Documents\Latex\tex\latex\listings\lstlang1.sty
File: lstlang1.sty 2018/09/02 1.7 listings language file
)
("SYSG5 projet 2 Raspberry Pi et NAS.aux")
\openout1 = `"SYSG5 projet 2 Raspberry Pi et NAS.aux"'.

LaTeX Font Info:    Checking defaults for OML/cmm/m/it on input line 27.
LaTeX Font Info:    ... okay on input line 27.
LaTeX Font Info:    Checking defaults for T1/cmr/m/n on input line 27.
LaTeX Font Info:    ... okay on input line 27.
LaTeX Font Info:    Checking defaults for OT1/cmr/m/n on input line 27.
LaTeX Font Info:    ... okay on input line 27.
LaTeX Font Info:    Checking defaults for OMS/cmsy/m/n on input line 27.
LaTeX Font Info:    ... okay on input line 27.
LaTeX Font Info:    Checking defaults for OMX/cmex/m/n on input line 27.
LaTeX Font Info:    ... okay on input line 27.
LaTeX Font Info:    Checking defaults for U/cmr/m/n on input line 27.
LaTeX Font Info:    ... okay on input line 27.
LaTeX Font Info:    Checking defaults for PD1/pdf/m/n on input line 27.
LaTeX Font Info:    ... okay on input line 27.
LaTeX Info: Redefining \degres on input line 27.
LaTeX Info: Redefining \dots on input line 27.
LaTeX Info: Redefining \up on input line 27.

(C:\Users\Mitch\Documents\Latex\tex\context\base\supp-pdf.mkii
[Loading MPS to PDF converter (version 2006.09.02).]
\scratchcounter=\count135
\scratchdimen=\dimen170
\scratchbox=\box39
\nofMPsegments=\count136
\nofMParguments=\count137
\everyMPshowfont=\toks32
\MPscratchCnt=\count138
\MPscratchDim=\dimen171
\MPnumerator=\count139
\makeMPintoPDFobject=\count140
\everyMPtoPDFconversion=\toks33
) (C:\Users\Mitch\Documents\Latex\tex\latex\oberdiek\epstopdf-base.sty
Package: epstopdf-base 2016/05/15 v2.6 Base part for package epstopdf

(C:\Users\Mitch\Documents\Latex\tex\latex\oberdiek\grfext.sty
Package: grfext 2016/05/16 v1.2 Manage graphics extensions (HO)
)
Package epstopdf-base Info: Redefining graphics rule for `.eps' on input line 4
38.
Package grfext Info: Graphics extension search list:
(grfext)             [.pdf,.png,.jpg,.mps,.jpeg,.jbig2,.jb2,.PDF,.PNG,.JPG,.JPE
G,.JBIG2,.JB2,.eps]
(grfext)             \AppendGraphicsExtensions on input line 456.
)
\c@lstlisting=\count141

ABD: EveryShipout initializing macros
\AtBeginShipoutBox=\box40
Package hyperref Info: Link coloring OFF on input line 27.

(C:\Users\Mitch\Documents\Latex\tex\latex\hyperref\nameref.sty
Package: nameref 2016/05/21 v2.44 Cross-referencing by name of section

(C:\Users\Mitch\Documents\Latex\tex\generic\oberdiek\gettitlestring.sty
Package: gettitlestring 2016/05/16 v1.5 Cleanup title references (HO)
)
\c@section@level=\count142
)
LaTeX Info: Redefining \ref on input line 27.
LaTeX Info: Redefining \pageref on input line 27.
LaTeX Info: Redefining \nameref on input line 27.

("SYSG5 projet 2 Raspberry Pi et NAS.out")
("SYSG5 projet 2 Raspberry Pi et NAS.out")
\@outlinefile=\write4
\openout4 = `"SYSG5 projet 2 Raspberry Pi et NAS.out"'.

Package epstopdf Info: Source file: <images/esi.eps>
(epstopdf)                    date: 2017-10-21 18:21:36
(epstopdf)                    size: 144503 bytes
(epstopdf)             Output file: <images/esi-eps-converted-to.pdf>
(epstopdf)                    date: 2018-11-07 21:50:04
(epstopdf)                    size: 49591 bytes
(epstopdf)             Command: <epstopdf --outfile=images/esi-eps-converted-to
.pdf images/esi.eps>
(epstopdf)             \includegraphics on input line 35.
Package epstopdf Info: Output file is already uptodate.


pdfTeX warning: pdflatex (file ./images/esi-eps-converted-to.pdf): PDF inclusio
n: found PDF version <1.7>, but at most version <1.5> allowed
<images/esi-eps-converted-to.pdf, id=110, 127.47626pt x 86.3225pt>
File: images/esi-eps-converted-to.pdf Graphic file (type pdf)
<use images/esi-eps-converted-to.pdf>
Package pdftex.def Info: images/esi-eps-converted-to.pdf  used on input line 35
.
(pdftex.def)             Requested size: 113.81102pt x 77.07307pt.
LaTeX Font Info:    Try loading font information for U+msa on input line 54.
(C:\Users\Mitch\Documents\Latex\tex\latex\amsfonts\umsa.fd
File: umsa.fd 2013/01/14 v3.01 AMS symbols A
)
LaTeX Font Info:    Try loading font information for U+msb on input line 54.

(C:\Users\Mitch\Documents\Latex\tex\latex\amsfonts\umsb.fd
File: umsb.fd 2013/01/14 v3.01 AMS symbols B
) [1

{C:/Users/Mitch/AppData/Local/MiKTeX/2.9/pdftex/config/pdftex.map} <./images/es
i-eps-converted-to.pdf>]pdfTeX warning (ext4): destination with the same identi
fier (name{page.1}) has been already used, duplicate ignored
<to be read again> 
                   \relax 
l.82 \newpage
              [1] ("SYSG5 projet 2 Raspberry Pi et NAS.toc")
\tf@toc=\write5
\openout5 = `"SYSG5 projet 2 Raspberry Pi et NAS.toc"'.

 [2] [3]
LaTeX Font Info:    Try loading font information for T1+cmtt on input line 132.


(C:\Users\Mitch\Documents\Latex\tex\latex\base\t1cmtt.fd
File: t1cmtt.fd 2014/09/29 v2.5h Standard LaTeX font definitions
)
Overfull \hbox (14.63141pt too wide) in paragraph at lines 140--141
[][][][] 
 []

[4]
Overfull \hbox (14.63141pt too wide) in paragraph at lines 149--152
[][][][]
 []


Overfull \hbox (14.63141pt too wide) in paragraph at lines 157--160
[][][][]
 []


Overfull \hbox (14.63141pt too wide) in paragraph at lines 165--166
[][][][] 
 []


Underfull \hbox (badness 10000) in paragraph at lines 174--174
[]\T1/cmr/m/n/12 dd bs=4M if=/home/nomUser/Documents/nonImage of=/dev/deviceSel
ectionné sta-
 []


Overfull \hbox (14.63141pt too wide) in paragraph at lines 174--175
[][][][] 
 []

(codes/scriptToInstallRaspbian.sh
LaTeX Font Info:    Try loading font information for OMS+cmr on input line 10.

(C:\Users\Mitch\Documents\Latex\tex\latex\base\omscmr.fd
File: omscmr.fd 2014/09/29 v2.5h Standard LaTeX font definitions
)
LaTeX Font Info:    Font shape `OMS/cmr/m/n' in size <12> not available
(Font)              Font shape `OMS/cmsy/m/n' tried instead on input line 10.
)
Overfull \hbox (14.63141pt too wide) in paragraph at lines 184--185
[][][][] 
 []

[5] [6]
Overfull \vbox (784.21873pt too high) has occurred while \output is active []


[7]
Overfull \hbox (14.63141pt too wide) in paragraph at lines 202--203
[][][][] 
 []


Overfull \hbox (14.63141pt too wide) in paragraph at lines 210--211
[][][][] 
 []

(codes/scriptToActivateBootUSB.sh)
Overfull \hbox (14.63141pt too wide) in paragraph at lines 219--220
[][][][] 
 []

[8]
Overfull \hbox (14.63141pt too wide) in paragraph at lines 233--234
[][][][] 
 []


Overfull \hbox (14.63141pt too wide) in paragraph at lines 239--240
[][][][] 
 []


Overfull \hbox (14.63141pt too wide) in paragraph at lines 249--250
[][][][] 
 []


Overfull \hbox (14.63141pt too wide) in paragraph at lines 255--256
[][][][] 
 []

[9]
Overfull \hbox (14.63141pt too wide) in paragraph at lines 265--266
[][][][] 
 []


Overfull \hbox (14.63141pt too wide) in paragraph at lines 275--276
[][][][] 
 []


Overfull \hbox (14.63141pt too wide) in paragraph at lines 287--288
[][][][] 
 []


Overfull \hbox (14.63141pt too wide) in paragraph at lines 302--303
[][][][] 
 []


Overfull \hbox (14.63141pt too wide) in paragraph at lines 310--311
[][][][] 
 []


Overfull \hbox (14.63141pt too wide) in paragraph at lines 318--319
[][][][] 
 []

(codes/scriptToInstallNAS.sh)
Overfull \hbox (14.63141pt too wide) in paragraph at lines 328--329
[][][][] 
 []

[10] [11]
Overfull \hbox (14.63141pt too wide) in paragraph at lines 340--341
[][][][] 
 []


Overfull \hbox (14.63141pt too wide) in paragraph at lines 349--350
[][][][] 
 []


Overfull \hbox (14.63141pt too wide) in paragraph at lines 357--358
[][][][] 
 []


Overfull \hbox (14.63141pt too wide) in paragraph at lines 367--368
[][][][] 
 []


Overfull \hbox (14.63141pt too wide) in paragraph at lines 376--377
[][][][] 
 []


Overfull \hbox (14.63141pt too wide) in paragraph at lines 385--386
[][][][] 
 []


Overfull \hbox (14.63141pt too wide) in paragraph at lines 396--397
[][][][] 
 []

(codes/scriptToInstallPeriph.sh)
Overfull \hbox (14.63141pt too wide) in paragraph at lines 403--404
[][][][] 
 []

[12] [13]
Overfull \vbox (109.48161pt too high) has occurred while \output is active []


[14]
Overfull \hbox (14.63141pt too wide) in paragraph at lines 415--416
[][][][] 
 []


Overfull \hbox (105.06754pt too wide) in paragraph at lines 418--421
\T1/cmr/bx/n/12 blic /me-dia/-do-cu-ments cifs user-name=pi,password=****,iocha
rset=utf8,file_mode=0777,dir_mode
 []


Underfull \hbox (badness 10000) in paragraph at lines 426--426
[]\T1/cmr/m/n/12 echo " //192.168. ? ? ?. ? ? ?/pu-blic /me-dia/-do-cu-ments ci
fs user-
 []


Underfull \hbox (badness 3525) in paragraph at lines 426--426
\T1/cmr/m/n/12 name=pi,password=****,iocharset=utf8,file_mode=0777,dir_mode =07
77,no-perm 0 0 "
 []


Overfull \hbox (14.63141pt too wide) in paragraph at lines 426--427
[][][][] 
 []


Overfull \hbox (8.73415pt too wide) in paragraph at lines 438--440
\T1/cmr/bx/n/12 name=pi,password=1234,iocharset=utf8,file_mode=0777,dir_mode =0
777,no-perm
 []

[15]
Underfull \hbox (badness 10000) in paragraph at lines 447--447
[]\T1/cmr/m/n/12 echo "//-RASP-BER-RY-PI/-pu-blic /me-dia/-do-cu-ments cifs use
r-
 []


Underfull \hbox (badness 3525) in paragraph at lines 447--447
\T1/cmr/m/n/12 name=pi,password=****,iocharset=utf8,file_mode=0777,dir_mode =07
77,no-perm 0 0 "
 []


Overfull \hbox (14.63141pt too wide) in paragraph at lines 447--448
[][][][] 
 []

(codes/scriptToMountClient.sh)
Overfull \hbox (14.63141pt too wide) in paragraph at lines 455--456
[][][][] 
 []

[16] [17]
Overfull \hbox (6.67229pt too wide) in paragraph at lines 493--494
[]\T1/cmr/m/n/12 [1] []$\T1/cmtt/m/n/12 https : / / www . raspberrypi . org / d
ocumentation / hardware / raspberrypi / bootmodes / msd .
 []


Overfull \hbox (90.42769pt too wide) in paragraph at lines 495--496
[]\T1/cmr/m/n/12 [2] []$\T1/cmtt/m/n/12 https : / / knowledge . parcours-[]perf
ormance . com / monter-[]disque-[]dur-[]externe-[]partage-[]raspberry-[]pi/$[] 

 []


Overfull \hbox (43.03975pt too wide) in paragraph at lines 509--510
[]\T1/cmr/m/n/12 [9] []$\T1/cmtt/m/n/12 https : / / www . framboise314 . fr / b
oot-[]simplifie-[]sur-[]usb-[]avec-[]les-[]raspberry-[]pi-[]1-[]2-[]et-[]3/$[] 

 []


Overfull \hbox (307.7pt too wide) in paragraph at lines 511--512
[]\T1/cmr/m/n/12 [10] []$\T1/cmtt/m/n/12 http : / / www . octetmalin . net / li
nux / tutoriels / chown-[]changer-[]proprietaire-[]groupe-[]fichier-[]dossier-[
]repertoire-[]en-[]ligne-[]de-[]commande .
 []


Overfull \hbox (83.95427pt too wide) in paragraph at lines 517--518
[]\T1/cmr/m/n/12 [13] []$\T1/cmtt/m/n/12 https : / / unix . stackexchange . com
 / questions / 369884 / using-[]dd-[]on-[]mac-[]os-[]conv-[]fsync-[]equivalent$
[] 
 []


Overfull \hbox (173.88316pt too wide) in paragraph at lines 521--522
[]\T1/cmr/m/n/12 [15] []$\T1/cmtt/m/n/12 https : / / askubuntu . com / question
s / 313093 / how-[]do-[]i-[]mount-[]a-[]cifs-[]share-[]via-[]fstab-[]and-[]give
-[]full-[]rw-[]to-[]guest$[] 
 []


Overfull \hbox (9.37236pt too wide) in paragraph at lines 525--526
[]\T1/cmr/m/n/12 [17] []$\T1/cmtt/m/n/12 https : / / askubuntu . com / question
s / 760058 / what-[]is-[]the-[]purpose-[]of-[]iocharset-[]utf8$[] 
 []


Overfull \hbox (58.7603pt too wide) in paragraph at lines 531--532
[]\T1/cmr/m/n/12 [20] []$\T1/cmtt/m/n/12 https : / / www . commentcamarche . ne
t / faq / 955-[]linux-[]compresser-[]decompresser-[]un-[]fichier-[]zip$[] 
 []

[18] [19]
Package atveryend Info: Empty hook `BeforeClearDocument' on input line 558.
Package atveryend Info: Empty hook `AfterLastShipout' on input line 558.
 ("SYSG5 projet 2 Raspberry Pi et NAS.aux")
Package atveryend Info: Executing hook `AtVeryEndDocument' on input line 558.
Package atveryend Info: Executing hook `AtEndAfterFileList' on input line 558.
Package rerunfilecheck Info: File `"SYSG5 projet 2 Raspberry Pi et NAS".out' ha
s not changed.
(rerunfilecheck)             Checksum: 2DC0AFD86AA978D548DF28F1D51A2F4F;2097.
Package atveryend Info: Empty hook `AtVeryVeryEnd' on input line 558.
 ) 
Here is how much of TeX's memory you used:
 18331 strings out of 492970
 335319 string characters out of 3134562
 802709 words of memory out of 3000000
 21621 multiletter control sequences out of 15000+200000
 18063 words of font info for 46 fonts, out of 3000000 for 9000
 1141 hyphenation exceptions out of 8191
 55i,8n,54p,545b,835s stack positions out of 5000i,500n,10000p,200000b,50000s
 <C:\Users\Mitch\AppData\Local\MiKTeX\2.9\fonts\pk\ljfour\jknappen\ec\dpi600\
ecrm0800.pk> <C:\Users\Mitch\AppData\Local\MiKTeX\2.9\fonts\pk\ljfour\jknappen\
ec\dpi600\ecti1200.pk> <C:\Users\Mitch\AppData\Local\MiKTeX\2.9\fonts\pk\ljfour
\jknappen\ec\dpi600\ectt1200.pk> <C:\Users\Mitch\AppData\Local\MiKTeX\2.9\fonts
\pk\ljfour\jknappen\ec\dpi600\ecbx1440.pk> <C:\Users\Mitch\AppData\Local\MiKTeX
\2.9\fonts\pk\ljfour\jknappen\ec\dpi600\ecbx1200.pk> <C:\Users\Mitch\AppData\Lo
cal\MiKTeX\2.9\fonts\pk\ljfour\jknappen\ec\dpi600\ecrm1200.pk> <C:\Users\Mitch\
AppData\Local\MiKTeX\2.9\fonts\pk\ljfour\jknappen\ec\dpi600\ecbx1728.pk> <C:\Us
ers\Mitch\AppData\Local\MiKTeX\2.9\fonts\pk\ljfour\jknappen\ec\dpi600\eccc1440.
pk> <C:\Users\Mitch\AppData\Local\MiKTeX\2.9\fonts\pk\ljfour\jknappen\ec\dpi600
\ecrm1440.pk> <C:\Users\Mitch\AppData\Local\MiKTeX\2.9\fonts\pk\ljfour\jknappen
\ec\dpi600\ecti1440.pk> <C:\Users\Mitch\AppData\Local\MiKTeX\2.9\fonts\pk\ljfou
r\jknappen\ec\dpi600\eccc1728.pk> <C:\Users\Mitch\AppData\Local\MiKTeX\2.9\font
s\pk\ljfour\jknappen\ec\dpi600\eccc2074.pk><C:/Users/Mitch/Documents/Latex/font
s/type1/public/amsfonts/cm/cmsy10.pfb>
Output written on "SYSG5 projet 2 Raspberry Pi et NAS.pdf" (20 pages, 325136 by
tes).
PDF statistics:
 1026 PDF objects out of 1200 (max. 8388607)
 249 named destinations out of 1000 (max. 500000)
 226 words of extra memory for PDF output out of 10000 (max. 10000000)

